2026-06-08T04:39:31.018+01:00  INFO 13340 --- [sircc_backend] [restartedMain] t.sircc_backend.SirccBackendApplication  : Starting SirccBackendApplication using Java 23.0.1 with PID 13340 (C:\Users\Douga\Desktop\SIRCC\BACKEND-SB\sircc_backend\target\classes started by Douga in C:\Users\Douga\Desktop\SIRCC\BACKEND-SB\sircc_backend)
2026-06-08T04:39:31.078+01:00  INFO 13340 --- [sircc_backend] [restartedMain] t.sircc_backend.SirccBackendApplication  : No active profile set, falling back to 1 default profile: "default"
2026-06-08T04:39:32.510+01:00  INFO 13340 --- [sircc_backend] [restartedMain] .e.DevToolsPropertyDefaultsPostProcessor : Devtools property defaults active! Set 'spring.devtools.add-properties' to 'false' to disable
2026-06-08T04:39:32.530+01:00  INFO 13340 --- [sircc_backend] [restartedMain] .e.DevToolsPropertyDefaultsPostProcessor : For additional web related logging consider setting the 'logging.level.web' property to 'DEBUG'
2026-06-08T04:39:58.070+01:00  INFO 13340 --- [sircc_backend] [restartedMain] .s.d.r.c.RepositoryConfigurationDelegate : Bootstrapping Spring Data JPA repositories in DEFAULT mode.
2026-06-08T04:40:03.623+01:00  INFO 13340 --- [sircc_backend] [restartedMain] .s.d.r.c.RepositoryConfigurationDelegate : Finished Spring Data repository scanning in 4764 ms. Found 11 JPA repository interfaces.
2026-06-08T04:40:10.674+01:00  INFO 13340 --- [sircc_backend] [restartedMain] o.s.boot.tomcat.TomcatWebServer          : Tomcat initialized with port 8080 (http)
2026-06-08T04:40:10.857+01:00  INFO 13340 --- [sircc_backend] [restartedMain] o.apache.catalina.core.StandardService   : Starting service [Tomcat]
2026-06-08T04:40:10.907+01:00  INFO 13340 --- [sircc_backend] [restartedMain] o.apache.catalina.core.StandardEngine    : Starting Servlet engine: [Apache Tomcat/11.0.21]
2026-06-08T04:40:11.568+01:00  INFO 13340 --- [sircc_backend] [restartedMain] b.w.c.s.WebApplicationContextInitializer : Root WebApplicationContext: initialization completed in 38990 ms
2026-06-08T04:40:17.969+01:00  INFO 13340 --- [sircc_backend] [restartedMain] org.hibernate.orm.jpa                    : HHH008540: Processing PersistenceUnitInfo [name: default]
2026-06-08T04:40:19.466+01:00  INFO 13340 --- [sircc_backend] [restartedMain] org.hibernate.orm.core                   : HHH000001: Hibernate ORM core version 7.2.12.Final
2026-06-08T04:40:28.735+01:00  INFO 13340 --- [sircc_backend] [restartedMain] o.s.o.j.p.SpringPersistenceUnitInfo      : No LoadTimeWeaver setup: ignoring JPA class transformer
2026-06-08T04:40:29.489+01:00  INFO 13340 --- [sircc_backend] [restartedMain] com.zaxxer.hikari.HikariDataSource       : HikariPool-1 - Starting...
2026-06-08T04:40:35.786+01:00  INFO 13340 --- [sircc_backend] [restartedMain] com.zaxxer.hikari.pool.HikariPool        : HikariPool-1 - Added connection com.mysql.cj.jdbc.ConnectionImpl@1a5aed2b
2026-06-08T04:40:35.802+01:00  INFO 13340 --- [sircc_backend] [restartedMain] com.zaxxer.hikari.HikariDataSource       : HikariPool-1 - Start completed.
2026-06-08T04:40:36.517+01:00  WARN 13340 --- [sircc_backend] [restartedMain] org.hibernate.orm.core                   : HHH000511: The 5.5.5 version for [org.hibernate.dialect.MySQLDialect] is no longer supported, hence certain features may not work properly.The minimum supported version is 8.0.0. Check the community dialects project for available legacy versions.
2026-06-08T04:40:36.742+01:00  INFO 13340 --- [sircc_backend] [restartedMain] org.hibernate.orm.connections.pooling    : HHH10001005: Database info:
	Database JDBC URL [jdbc:mysql://localhost:3306/sircc_db_tfg?useSSL=false&serverTimezone=UTC&allowPublicKeyRetrieval=true]
	Database driver: MySQL Connector/J
	Database dialect: MySQLDialect
	Database version: 5.5.5
	Default catalog/schema: sircc_db_tfg/undefined
	Autocommit mode: undefined/unknown
	Isolation level: REPEATABLE_READ [default REPEATABLE_READ]
	JDBC fetch size: none
	Pool: DataSourceConnectionProvider
	Minimum pool size: undefined/unknown
	Maximum pool size: undefined/unknown
2026-06-08T04:40:57.050+01:00  INFO 13340 --- [sircc_backend] [restartedMain] org.hibernate.orm.core                   : HHH000489: No JTA platform available (set 'hibernate.transaction.jta.platform' to enable JTA platform integration)
2026-06-08T04:41:05.370+01:00  INFO 13340 --- [sircc_backend] [restartedMain] j.LocalContainerEntityManagerFactoryBean : Initialized JPA EntityManagerFactory for persistence unit 'default'
2026-06-08T04:41:06.197+01:00  INFO 13340 --- [sircc_backend] [restartedMain] o.s.d.j.r.query.QueryEnhancerFactories   : Hibernate is in classpath; If applicable, HQL parser will be used.
2026-06-08T04:41:13.143+01:00  WARN 13340 --- [sircc_backend] [restartedMain] JpaBaseConfiguration$JpaWebConfiguration : spring.jpa.open-in-view is enabled by default. Therefore, database queries may be performed during view rendering. Explicitly configure spring.jpa.open-in-view to disable this warning
2026-06-08T04:41:18.427+01:00  WARN 13340 --- [sircc_backend] [restartedMain] .s.a.UserDetailsServiceAutoConfiguration : 

Using generated security password: d6db42ca-0e1a-4e7e-8797-5236b3cb2dc0

This generated password is for development use only. Your security configuration must be updated before running your application in production.

2026-06-08T04:41:18.620+01:00  INFO 13340 --- [sircc_backend] [restartedMain] r$InitializeUserDetailsManagerConfigurer : Global AuthenticationManager configured with UserDetailsService bean with name inMemoryUserDetailsManager
2026-06-08T04:41:25.666+01:00  INFO 13340 --- [sircc_backend] [restartedMain] o.s.b.a.e.web.EndpointLinksResolver      : Exposing 1 endpoint beneath base path '/actuator'
2026-06-08T04:41:26.479+01:00  INFO 13340 --- [sircc_backend] [restartedMain] o.s.boot.tomcat.TomcatWebServer          : Tomcat started on port 8080 (http) with context path '/api'
2026-06-08T04:41:26.519+01:00  INFO 13340 --- [sircc_backend] [restartedMain] t.sircc_backend.SirccBackendApplication  : Started SirccBackendApplication in 126.803 seconds (process running for 141.975)
2026-06-08T04:41:35.345+01:00  INFO 13340 --- [sircc_backend] [RMI TCP Connection(8)-172.17.131.38] o.a.c.c.C.[Tomcat].[localhost].[/api]    : Initializing Spring DispatcherServlet 'dispatcherServlet'
2026-06-08T04:41:35.351+01:00  INFO 13340 --- [sircc_backend] [RMI TCP Connection(8)-172.17.131.38] o.s.web.servlet.DispatcherServlet        : Initializing Servlet 'dispatcherServlet'
2026-06-08T04:41:35.363+01:00  INFO 13340 --- [sircc_backend] [RMI TCP Connection(8)-172.17.131.38] o.s.web.servlet.DispatcherServlet        : Completed initialization in 10 ms
2026-06-08T05:37:52.538+01:00  INFO 13340 --- [sircc_backend] [SpringApplicationShutdownHook] o.s.boot.tomcat.GracefulShutdown         : Commencing graceful shutdown. Waiting for active requests to complete
2026-06-08T05:37:52.903+01:00  INFO 13340 --- [sircc_backend] [tomcat-shutdown] o.s.boot.tomcat.GracefulShutdown         : Graceful shutdown complete
2026-06-08T05:37:53.049+01:00  INFO 13340 --- [sircc_backend] [SpringApplicationShutdownHook] j.LocalContainerEntityManagerFactoryBean : Closing JPA EntityManagerFactory for persistence unit 'default'
2026-06-08T05:37:53.146+01:00  INFO 13340 --- [sircc_backend] [SpringApplicationShutdownHook] com.zaxxer.hikari.HikariDataSource       : HikariPool-1 - Shutdown initiated...
2026-06-08T05:37:53.170+01:00  INFO 13340 --- [sircc_backend] [SpringApplicationShutdownHook] com.zaxxer.hikari.HikariDataSource       : HikariPool-1 - Shutdown completed.
2026-06-08T05:39:06.866+01:00  INFO 13944 --- [sircc_backend] [restartedMain] t.sircc_backend.SirccBackendApplication  : Starting SirccBackendApplication using Java 23.0.1 with PID 13944 (C:\Users\Douga\Desktop\SIRCC\BACKEND-SB\sircc_backend\target\classes started by Douga in C:\Users\Douga\Desktop\SIRCC\BACKEND-SB\sircc_backend)
2026-06-08T05:39:06.884+01:00  INFO 13944 --- [sircc_backend] [restartedMain] t.sircc_backend.SirccBackendApplication  : No active profile set, falling back to 1 default profile: "default"
2026-06-08T05:39:07.785+01:00  INFO 13944 --- [sircc_backend] [restartedMain] .e.DevToolsPropertyDefaultsPostProcessor : Devtools property defaults active! Set 'spring.devtools.add-properties' to 'false' to disable
2026-06-08T05:39:07.790+01:00  INFO 13944 --- [sircc_backend] [restartedMain] .e.DevToolsPropertyDefaultsPostProcessor : For additional web related logging consider setting the 'logging.level.web' property to 'DEBUG'
2026-06-08T05:39:20.217+01:00  INFO 13944 --- [sircc_backend] [restartedMain] .s.d.r.c.RepositoryConfigurationDelegate : Bootstrapping Spring Data JPA repositories in DEFAULT mode.
2026-06-08T05:39:23.307+01:00  INFO 13944 --- [sircc_backend] [restartedMain] .s.d.r.c.RepositoryConfigurationDelegate : Finished Spring Data repository scanning in 2271 ms. Found 11 JPA repository interfaces.
2026-06-08T05:39:35.622+01:00  INFO 13944 --- [sircc_backend] [restartedMain] o.s.boot.tomcat.TomcatWebServer          : Tomcat initialized with port 8080 (http)
2026-06-08T05:39:36.118+01:00  INFO 13944 --- [sircc_backend] [restartedMain] o.apache.catalina.core.StandardService   : Starting service [Tomcat]
2026-06-08T05:39:36.121+01:00  INFO 13944 --- [sircc_backend] [restartedMain] o.apache.catalina.core.StandardEngine    : Starting Servlet engine: [Apache Tomcat/11.0.21]
2026-06-08T05:39:36.726+01:00  INFO 13944 --- [sircc_backend] [restartedMain] b.w.c.s.WebApplicationContextInitializer : Root WebApplicationContext: initialization completed in 28917 ms
2026-06-08T05:39:41.217+01:00  INFO 13944 --- [sircc_backend] [restartedMain] org.hibernate.orm.jpa                    : HHH008540: Processing PersistenceUnitInfo [name: default]
2026-06-08T05:39:42.052+01:00  INFO 13944 --- [sircc_backend] [restartedMain] org.hibernate.orm.core                   : HHH000001: Hibernate ORM core version 7.2.12.Final
2026-06-08T05:39:51.150+01:00  INFO 13944 --- [sircc_backend] [restartedMain] o.s.o.j.p.SpringPersistenceUnitInfo      : No LoadTimeWeaver setup: ignoring JPA class transformer
2026-06-08T05:39:52.335+01:00  INFO 13944 --- [sircc_backend] [restartedMain] com.zaxxer.hikari.HikariDataSource       : HikariPool-1 - Starting...
2026-06-08T05:39:56.690+01:00  INFO 13944 --- [sircc_backend] [restartedMain] com.zaxxer.hikari.pool.HikariPool        : HikariPool-1 - Added connection com.mysql.cj.jdbc.ConnectionImpl@63123a42
2026-06-08T05:39:56.706+01:00  INFO 13944 --- [sircc_backend] [restartedMain] com.zaxxer.hikari.HikariDataSource       : HikariPool-1 - Start completed.
2026-06-08T05:39:58.986+01:00  WARN 13944 --- [sircc_backend] [restartedMain] org.hibernate.orm.core                   : HHH000511: The 5.5.5 version for [org.hibernate.dialect.MySQLDialect] is no longer supported, hence certain features may not work properly.The minimum supported version is 8.0.0. Check the community dialects project for available legacy versions.
2026-06-08T05:39:59.984+01:00  INFO 13944 --- [sircc_backend] [restartedMain] org.hibernate.orm.connections.pooling    : HHH10001005: Database info:
	Database JDBC URL [jdbc:mysql://localhost:3306/sircc_db_tfg?useSSL=false&serverTimezone=UTC&allowPublicKeyRetrieval=true]
	Database driver: MySQL Connector/J
	Database dialect: MySQLDialect
	Database version: 5.5.5
	Default catalog/schema: sircc_db_tfg/undefined
	Autocommit mode: undefined/unknown
	Isolation level: REPEATABLE_READ [default REPEATABLE_READ]
	JDBC fetch size: none
	Pool: DataSourceConnectionProvider
	Minimum pool size: undefined/unknown
	Maximum pool size: undefined/unknown
2026-06-08T05:40:36.939+01:00  INFO 13944 --- [sircc_backend] [restartedMain] org.hibernate.orm.core                   : HHH000489: No JTA platform available (set 'hibernate.transaction.jta.platform' to enable JTA platform integration)
2026-06-08T05:40:50.090+01:00  INFO 13944 --- [sircc_backend] [restartedMain] j.LocalContainerEntityManagerFactoryBean : Initialized JPA EntityManagerFactory for persistence unit 'default'
2026-06-08T05:40:51.466+01:00  INFO 13944 --- [sircc_backend] [restartedMain] o.s.d.j.r.query.QueryEnhancerFactories   : Hibernate is in classpath; If applicable, HQL parser will be used.
2026-06-08T05:41:05.004+01:00  WARN 13944 --- [sircc_backend] [restartedMain] JpaBaseConfiguration$JpaWebConfiguration : spring.jpa.open-in-view is enabled by default. Therefore, database queries may be performed during view rendering. Explicitly configure spring.jpa.open-in-view to disable this warning
2026-06-08T05:41:06.303+01:00  WARN 13944 --- [sircc_backend] [restartedMain] .s.a.UserDetailsServiceAutoConfiguration : 

Using generated security password: 996a57dd-f453-4b09-be48-8a5bf6dd43cb

This generated password is for development use only. Your security configuration must be updated before running your application in production.

2026-06-08T05:41:06.457+01:00  INFO 13944 --- [sircc_backend] [restartedMain] r$InitializeUserDetailsManagerConfigurer : Global AuthenticationManager configured with UserDetailsService bean with name inMemoryUserDetailsManager
2026-06-08T05:41:15.722+01:00  INFO 13944 --- [sircc_backend] [restartedMain] o.s.b.a.e.web.EndpointLinksResolver      : Exposing 1 endpoint beneath base path '/actuator'
2026-06-08T05:41:17.289+01:00  INFO 13944 --- [sircc_backend] [restartedMain] o.s.boot.tomcat.TomcatWebServer          : Tomcat started on port 8080 (http) with context path '/api'
2026-06-08T05:41:17.337+01:00  INFO 13944 --- [sircc_backend] [restartedMain] t.sircc_backend.SirccBackendApplication  : Started SirccBackendApplication in 137.603 seconds (process running for 152.341)
2026-06-08T05:41:34.819+01:00  INFO 13944 --- [sircc_backend] [http-nio-8080-exec-2] o.a.c.c.C.[Tomcat].[localhost].[/api]    : Initializing Spring DispatcherServlet 'dispatcherServlet'
2026-06-08T05:41:34.821+01:00  INFO 13944 --- [sircc_backend] [http-nio-8080-exec-2] o.s.web.servlet.DispatcherServlet        : Initializing Servlet 'dispatcherServlet'
2026-06-08T05:41:34.831+01:00  INFO 13944 --- [sircc_backend] [http-nio-8080-exec-2] o.s.web.servlet.DispatcherServlet        : Completed initialization in 8 ms
2026-06-08T06:49:08.152+01:00  INFO 13944 --- [sircc_backend] [SpringApplicationShutdownHook] o.s.boot.tomcat.GracefulShutdown         : Commencing graceful shutdown. Waiting for active requests to complete
2026-06-08T06:49:08.392+01:00  INFO 13944 --- [sircc_backend] [tomcat-shutdown] o.s.boot.tomcat.GracefulShutdown         : Graceful shutdown complete
2026-06-08T06:49:09.055+01:00  INFO 13944 --- [sircc_backend] [SpringApplicationShutdownHook] j.LocalContainerEntityManagerFactoryBean : Closing JPA EntityManagerFactory for persistence unit 'default'
2026-06-08T06:49:09.564+01:00  INFO 13944 --- [sircc_backend] [SpringApplicationShutdownHook] com.zaxxer.hikari.HikariDataSource       : HikariPool-1 - Shutdown initiated...
2026-06-08T06:49:09.610+01:00  INFO 13944 --- [sircc_backend] [SpringApplicationShutdownHook] com.zaxxer.hikari.HikariDataSource       : HikariPool-1 - Shutdown completed.
